<?xml version="1.0" encoding="UTF-8"?>
<coverage generated="1681289386602" clover="3.2.0">
  <project timestamp="1681289386602" name="All files">
    <metrics statements="274" coveredstatements="231" conditionals="111" coveredconditionals="74" methods="70" coveredmethods="60" elements="455" coveredelements="365" complexity="0" loc="274" ncloc="274" packages="6" files="12" classes="12"/>
    <package name="src">
      <metrics statements="1" coveredstatements="1" conditionals="0" coveredconditionals="0" methods="0" coveredmethods="0"/>
      <file name="polyfills.ts" path="C:\Users\tdupont\Workspaces\sdx-sdk\src\polyfills.ts">
        <metrics statements="1" coveredstatements="1" conditionals="0" coveredconditionals="0" methods="0" coveredmethods="0"/>
        <line num="4" count="1" type="stmt"/>
      </file>
    </package>
    <package name="src.commons">
      <metrics statements="42" coveredstatements="35" conditionals="30" coveredconditionals="17" methods="13" coveredmethods="9"/>
      <file name="index.ts" path="C:\Users\tdupont\Workspaces\sdx-sdk\src\commons\index.ts">
        <metrics statements="6" coveredstatements="6" conditionals="0" coveredconditionals="0" methods="0" coveredmethods="0"/>
        <line num="1" count="1" type="stmt"/>
        <line num="2" count="1" type="stmt"/>
        <line num="4" count="1" type="stmt"/>
        <line num="5" count="1" type="stmt"/>
        <line num="7" count="1" type="stmt"/>
        <line num="8" count="1" type="stmt"/>
      </file>
      <file name="util.ts" path="C:\Users\tdupont\Workspaces\sdx-sdk\src\commons\util.ts">
        <metrics statements="31" coveredstatements="24" conditionals="30" coveredconditionals="17" methods="13" coveredmethods="9"/>
        <line num="1" count="1" type="stmt"/>
        <line num="18" count="1" type="stmt"/>
        <line num="19" count="13" type="stmt"/>
        <line num="21" count="13" type="cond" truecount="1" falsecount="1"/>
        <line num="26" count="1" type="stmt"/>
        <line num="27" count="1" type="stmt"/>
        <line num="28" count="20" type="cond" truecount="2" falsecount="0"/>
        <line num="29" count="17" type="stmt"/>
        <line num="31" count="3" type="stmt"/>
        <line num="33" count="20" type="stmt"/>
        <line num="37" count="1" type="stmt"/>
        <line num="38" count="0" type="cond" truecount="0" falsecount="1"/>
        <line num="39" count="0" type="stmt"/>
        <line num="42" count="0" type="cond" truecount="0" falsecount="2"/>
        <line num="43" count="0" type="stmt"/>
        <line num="44" count="0" type="stmt"/>
        <line num="48" count="1" type="stmt"/>
        <line num="49" count="26" type="stmt"/>
        <line num="50" count="1" type="stmt"/>
        <line num="51" count="6" type="stmt"/>
        <line num="52" count="3" type="stmt"/>
        <line num="54" count="1" type="stmt"/>
        <line num="57" count="52" type="cond" truecount="5" falsecount="0"/>
        <line num="61" count="1" type="stmt"/>
        <line num="64" count="26" type="cond" truecount="5" falsecount="0"/>
        <line num="68" count="1" type="stmt"/>
        <line num="71" count="0" type="cond" truecount="0" falsecount="5"/>
        <line num="75" count="1" type="stmt"/>
        <line num="83" count="4" type="cond" truecount="2" falsecount="0"/>
        <line num="92" count="1" type="stmt"/>
        <line num="95" count="0" type="cond" truecount="0" falsecount="2"/>
      </file>
      <file name="vocab.ts" path="C:\Users\tdupont\Workspaces\sdx-sdk\src\commons\vocab.ts">
        <metrics statements="5" coveredstatements="5" conditionals="0" coveredconditionals="0" methods="0" coveredmethods="0"/>
        <line num="1" count="1" type="stmt"/>
        <line num="3" count="1" type="stmt"/>
        <line num="5" count="1" type="stmt"/>
        <line num="10" count="1" type="stmt"/>
        <line num="24" count="1" type="stmt"/>
      </file>
    </package>
    <package name="src.commons.ldp">
      <metrics statements="22" coveredstatements="3" conditionals="7" coveredconditionals="0" methods="5" coveredmethods="0"/>
      <file name="ldp-client.ts" path="C:\Users\tdupont\Workspaces\sdx-sdk\src\commons\ldp\ldp-client.ts">
        <metrics statements="22" coveredstatements="3" conditionals="7" coveredconditionals="0" methods="5" coveredmethods="0"/>
        <line num="1" count="1" type="stmt"/>
        <line num="2" count="1" type="stmt"/>
        <line num="5" count="1" type="stmt"/>
        <line num="9" count="0" type="stmt"/>
        <line num="17" count="0" type="stmt"/>
        <line num="21" count="0" type="stmt"/>
        <line num="25" count="0" type="stmt"/>
        <line num="26" count="0" type="stmt"/>
        <line num="28" count="0" type="cond" truecount="0" falsecount="1"/>
        <line num="29" count="0" type="stmt"/>
        <line num="30" count="0" type="stmt"/>
        <line num="31" count="0" type="stmt"/>
        <line num="34" count="0" type="cond" truecount="0" falsecount="1"/>
        <line num="35" count="0" type="stmt"/>
        <line num="36" count="0" type="stmt"/>
        <line num="37" count="0" type="stmt"/>
        <line num="42" count="0" type="stmt"/>
        <line num="43" count="0" type="stmt"/>
        <line num="45" count="0" type="stmt"/>
        <line num="54" count="0" type="cond" truecount="0" falsecount="3"/>
        <line num="55" count="0" type="stmt"/>
        <line num="59" count="0" type="stmt"/>
      </file>
    </package>
    <package name="src.parse">
      <metrics statements="136" coveredstatements="129" conditionals="37" coveredconditionals="30" methods="36" coveredmethods="35"/>
      <file name="context.ts" path="C:\Users\tdupont\Workspaces\sdx-sdk\src\parse\context.ts">
        <metrics statements="22" coveredstatements="21" conditionals="0" coveredconditionals="0" methods="11" coveredmethods="10"/>
        <line num="2" count="1" type="stmt"/>
        <line num="3" count="1" type="stmt"/>
        <line num="4" count="1" type="stmt"/>
        <line num="6" count="1" type="stmt"/>
        <line num="11" count="1" type="stmt"/>
        <line num="22" count="1" type="stmt"/>
        <line num="23" count="1" type="stmt"/>
        <line num="24" count="1" type="stmt"/>
        <line num="25" count="1" type="stmt"/>
        <line num="33" count="3" type="stmt"/>
        <line num="37" count="0" type="stmt"/>
        <line num="41" count="5" type="stmt"/>
        <line num="45" count="11" type="stmt"/>
        <line num="49" count="15" type="stmt"/>
        <line num="53" count="1" type="stmt"/>
        <line num="54" count="1" type="stmt"/>
        <line num="56" count="3" type="stmt"/>
        <line num="57" count="1" type="stmt"/>
        <line num="58" count="3" type="stmt"/>
        <line num="60" count="1" type="stmt"/>
        <line num="67" count="1" type="stmt"/>
        <line num="71" count="62" type="stmt"/>
      </file>
      <file name="index.ts" path="C:\Users\tdupont\Workspaces\sdx-sdk\src\parse\index.ts">
        <metrics statements="1" coveredstatements="1" conditionals="0" coveredconditionals="0" methods="0" coveredmethods="0"/>
        <line num="3" count="1" type="stmt"/>
      </file>
      <file name="shacl-reader.service.ts" path="C:\Users\tdupont\Workspaces\sdx-sdk\src\parse\shacl-reader.service.ts">
        <metrics statements="113" coveredstatements="107" conditionals="37" coveredconditionals="30" methods="25" coveredmethods="25"/>
        <line num="1" count="1" type="stmt"/>
        <line num="2" count="1" type="stmt"/>
        <line num="25" count="1" type="stmt"/>
        <line num="26" count="1" type="stmt"/>
        <line num="27" count="1" type="stmt"/>
        <line num="28" count="1" type="stmt"/>
        <line num="33" count="1" type="stmt"/>
        <line num="46" count="1" type="stmt"/>
        <line num="53" count="1" type="stmt"/>
        <line num="60" count="1" type="stmt"/>
        <line num="65" count="1" type="stmt"/>
        <line num="71" count="1" type="stmt"/>
        <line num="80" count="1" type="stmt"/>
        <line num="81" count="1" type="stmt"/>
        <line num="85" count="1" type="stmt"/>
        <line num="87" count="1" type="stmt"/>
        <line num="88" count="1" type="stmt"/>
        <line num="91" count="1" type="stmt"/>
        <line num="95" count="1" type="stmt"/>
        <line num="98" count="1" type="stmt"/>
        <line num="99" count="1" type="stmt"/>
        <line num="100" count="1" type="stmt"/>
        <line num="101" count="1" type="stmt"/>
        <line num="103" count="1" type="stmt"/>
        <line num="114" count="1" type="cond" truecount="1" falsecount="0"/>
        <line num="115" count="1" type="stmt"/>
        <line num="118" count="1" type="stmt"/>
        <line num="121" count="1" type="stmt"/>
        <line num="134" count="1" type="stmt"/>
        <line num="137" count="3" type="stmt"/>
        <line num="153" count="1" type="stmt"/>
        <line num="162" count="1" type="stmt"/>
        <line num="163" count="1" type="stmt"/>
        <line num="166" count="3" type="stmt"/>
        <line num="167" count="3" type="stmt"/>
        <line num="168" count="3" type="stmt"/>
        <line num="194" count="1" type="stmt"/>
        <line num="209" count="25" type="stmt"/>
        <line num="210" count="9" type="cond" truecount="1" falsecount="0"/>
        <line num="211" count="6" type="stmt"/>
        <line num="213" count="28" type="stmt"/>
        <line num="214" count="22" type="stmt"/>
        <line num="215" count="16" type="stmt"/>
        <line num="217" count="6" type="cond" truecount="1" falsecount="0"/>
        <line num="218" count="3" type="stmt"/>
        <line num="224" count="6" type="stmt"/>
        <line num="229" count="6" type="stmt"/>
        <line num="231" count="9" type="stmt"/>
        <line num="244" count="3" type="stmt"/>
        <line num="262" count="3" type="stmt"/>
        <line num="267" count="3" type="stmt"/>
        <line num="273" count="3" type="cond" truecount="1" falsecount="0"/>
        <line num="274" count="3" type="stmt"/>
        <line num="281" count="3" type="stmt"/>
        <line num="282" count="14" type="cond" truecount="1" falsecount="0"/>
        <line num="284" count="3" type="cond" truecount="2" falsecount="1"/>
        <line num="286" count="3" type="stmt"/>
        <line num="301" count="14" type="stmt"/>
        <line num="303" count="3" type="stmt"/>
        <line num="318" count="1" type="stmt"/>
        <line num="319" count="1" type="stmt"/>
        <line num="320" count="1" type="stmt"/>
        <line num="321" count="1" type="stmt"/>
        <line num="322" count="1" type="stmt"/>
        <line num="323" count="1" type="stmt"/>
        <line num="324" count="1" type="stmt"/>
        <line num="368" count="2" type="stmt"/>
        <line num="369" count="2" type="stmt"/>
        <line num="370" count="2" type="stmt"/>
        <line num="371" count="2" type="stmt"/>
        <line num="372" count="2" type="stmt"/>
        <line num="400" count="3" type="stmt"/>
        <line num="407" count="11" type="stmt"/>
        <line num="409" count="11" type="cond" truecount="1" falsecount="0"/>
        <line num="413" count="2" type="stmt"/>
        <line num="415" count="11" type="cond" truecount="3" falsecount="0"/>
        <line num="416" count="7" type="stmt"/>
        <line num="418" count="11" type="stmt"/>
        <line num="420" count="3" type="stmt"/>
        <line num="421" count="3" type="stmt"/>
        <line num="426" count="11" type="cond" truecount="2" falsecount="0"/>
        <line num="427" count="11" type="cond" truecount="1" falsecount="1"/>
        <line num="428" count="0" type="stmt"/>
        <line num="430" count="11" type="stmt"/>
        <line num="446" count="3" type="stmt"/>
        <line num="462" count="16" type="stmt"/>
        <line num="464" count="16" type="stmt"/>
        <line num="468" count="16" type="stmt"/>
        <line num="479" count="32" type="cond" truecount="1" falsecount="0"/>
        <line num="480" count="2" type="stmt"/>
        <line num="481" count="2" type="cond" truecount="0" falsecount="1"/>
        <line num="482" count="0" type="stmt"/>
        <line num="484" count="2" type="cond" truecount="0" falsecount="1"/>
        <line num="485" count="0" type="stmt"/>
        <line num="487" count="2" type="stmt"/>
        <line num="489" count="30" type="cond" truecount="1" falsecount="0"/>
        <line num="490" count="14" type="stmt"/>
        <line num="491" count="14" type="cond" truecount="0" falsecount="1"/>
        <line num="492" count="0" type="stmt"/>
        <line num="494" count="14" type="cond" truecount="0" falsecount="1"/>
        <line num="495" count="0" type="stmt"/>
        <line num="497" count="14" type="stmt"/>
        <line num="499" count="16" type="stmt"/>
        <line num="500" count="16" type="stmt"/>
        <line num="502" count="16" type="cond" truecount="0" falsecount="1"/>
        <line num="503" count="0" type="stmt"/>
        <line num="505" count="16" type="cond" truecount="1" falsecount="0"/>
        <line num="506" count="2" type="stmt"/>
        <line num="508" count="16" type="cond" truecount="1" falsecount="0"/>
        <line num="509" count="14" type="stmt"/>
        <line num="511" count="16" type="stmt"/>
        <line num="520" count="22" type="stmt"/>
        <line num="521" count="22" type="cond" truecount="2" falsecount="0"/>
      </file>
    </package>
    <package name="src.parse.model">
      <metrics statements="71" coveredstatements="61" conditionals="37" coveredconditionals="27" methods="16" coveredmethods="16"/>
      <file name="index.ts" path="C:\Users\tdupont\Workspaces\sdx-sdk\src\parse\model\index.ts">
        <metrics statements="2" coveredstatements="2" conditionals="0" coveredconditionals="0" methods="0" coveredmethods="0"/>
        <line num="1" count="1" type="stmt"/>
        <line num="2" count="1" type="stmt"/>
      </file>
      <file name="property-shape.ts" path="C:\Users\tdupont\Workspaces\sdx-sdk\src\parse\model\property-shape.ts">
        <metrics statements="44" coveredstatements="38" conditionals="25" coveredconditionals="19" methods="9" coveredmethods="9"/>
        <line num="1" count="1" type="stmt"/>
        <line num="8" count="1" type="stmt"/>
        <line num="10" count="1" type="stmt"/>
        <line num="11" count="1" type="stmt"/>
        <line num="13" count="1" type="stmt"/>
        <line num="22" count="11" type="stmt"/>
        <line num="23" count="11" type="stmt"/>
        <line num="24" count="11" type="stmt"/>
        <line num="27" count="11" type="stmt"/>
        <line num="28" count="11" type="stmt"/>
        <line num="29" count="11" type="stmt"/>
        <line num="30" count="11" type="stmt"/>
        <line num="31" count="11" type="cond" truecount="2" falsecount="0"/>
        <line num="32" count="11" type="stmt"/>
        <line num="33" count="11" type="cond" truecount="2" falsecount="0"/>
        <line num="34" count="11" type="stmt"/>
        <line num="42" count="84" type="stmt"/>
        <line num="43" count="84" type="cond" truecount="4" falsecount="0"/>
        <line num="44" count="49" type="stmt"/>
        <line num="45" count="35" type="cond" truecount="1" falsecount="1"/>
        <line num="46" count="0" type="stmt"/>
        <line num="48" count="35" type="stmt"/>
        <line num="53" count="11" type="stmt"/>
        <line num="54" count="11" type="stmt"/>
        <line num="58" count="11" type="stmt"/>
        <line num="59" count="11" type="stmt"/>
        <line num="63" count="11" type="cond" truecount="2" falsecount="4"/>
        <line num="65" count="0" type="stmt"/>
        <line num="68" count="0" type="stmt"/>
        <line num="72" count="8" type="stmt"/>
        <line num="75" count="0" type="stmt"/>
        <line num="78" count="3" type="stmt"/>
        <line num="83" count="11" type="cond" truecount="1" falsecount="0"/>
        <line num="84" count="8" type="stmt"/>
        <line num="86" count="3" type="stmt"/>
        <line num="89" count="3" type="cond" truecount="3" falsecount="0"/>
        <line num="90" count="3" type="stmt"/>
        <line num="92" count="0" type="stmt"/>
        <line num="96" count="3" type="stmt"/>
        <line num="97" count="3" type="stmt"/>
        <line num="99" count="7" type="stmt"/>
        <line num="100" count="3" type="cond" truecount="1" falsecount="1"/>
        <line num="103" count="0" type="stmt"/>
        <line num="105" count="3" type="stmt"/>
      </file>
      <file name="shape.ts" path="C:\Users\tdupont\Workspaces\sdx-sdk\src\parse\model\shape.ts">
        <metrics statements="25" coveredstatements="21" conditionals="12" coveredconditionals="8" methods="7" coveredmethods="7"/>
        <line num="1" count="1" type="stmt"/>
        <line num="3" count="1" type="stmt"/>
        <line num="4" count="1" type="stmt"/>
        <line num="6" count="1" type="stmt"/>
        <line num="16" count="3" type="stmt"/>
        <line num="19" count="3" type="stmt"/>
        <line num="20" count="3" type="stmt"/>
        <line num="21" count="3" type="stmt"/>
        <line num="22" count="3" type="stmt"/>
        <line num="26" count="3" type="stmt"/>
        <line num="27" count="3" type="cond" truecount="3" falsecount="1"/>
        <line num="28" count="3" type="stmt"/>
        <line num="30" count="0" type="stmt"/>
        <line num="39" count="3" type="stmt"/>
        <line num="40" count="3" type="cond" truecount="3" falsecount="1"/>
        <line num="41" count="3" type="stmt"/>
        <line num="42" count="0" type="cond" truecount="0" falsecount="2"/>
        <line num="43" count="0" type="stmt"/>
        <line num="45" count="0" type="stmt"/>
        <line num="51" count="3" type="stmt"/>
        <line num="54" count="11" type="cond" truecount="1" falsecount="0"/>
        <line num="55" count="11" type="stmt"/>
        <line num="57" count="462" type="stmt"/>
        <line num="58" count="11" type="stmt"/>
        <line num="61" count="11" type="stmt"/>
      </file>
    </package>
    <package name="test.assets">
      <metrics statements="2" coveredstatements="2" conditionals="0" coveredconditionals="0" methods="0" coveredmethods="0"/>
      <file name="examples.ts" path="C:\Users\tdupont\Workspaces\sdx-sdk\test\assets\examples.ts">
        <metrics statements="2" coveredstatements="2" conditionals="0" coveredconditionals="0" methods="0" coveredmethods="0"/>
        <line num="1" count="1" type="stmt"/>
        <line num="84" count="1" type="stmt"/>
      </file>
    </package>
  </project>
</coverage>
