{"C:\\Users\\tdupont\\Workspaces\\sdx-sdk\\src\\polyfills.ts": {"path":"C:\\Users\\tdupont\\Workspaces\\sdx-sdk\\src\\polyfills.ts","statementMap":{"0":{"start":{"line":4,"column":0},"end":{"line":4,"column":29}}},"fnMap":{},"branchMap":{},"s":{"0":1},"f":{},"b":{}}
,"C:\\Users\\tdupont\\Workspaces\\sdx-sdk\\src\\commons\\index.ts": {"path":"C:\\Users\\tdupont\\Workspaces\\sdx-sdk\\src\\commons\\index.ts","statementMap":{"0":{"start":{"line":1,"column":0},"end":{"line":1,"column":32}},"1":{"start":{"line":2,"column":9},"end":{"line":2,"column":14}},"2":{"start":{"line":4,"column":0},"end":{"line":4,"column":33}},"3":{"start":{"line":5,"column":9},"end":{"line":5,"column":14}},"4":{"start":{"line":7,"column":0},"end":{"line":7,"column":48}},"5":{"start":{"line":8,"column":0},"end":{"line":8,"column":33}}},"fnMap":{},"branchMap":{},"s":{"0":1,"1":1,"2":1,"3":1,"4":1,"5":1},"f":{},"b":{}}
,"C:\\Users\\tdupont\\Workspaces\\sdx-sdk\\src\\commons\\util.ts": {"path":"C:\\Users\\tdupont\\Workspaces\\sdx-sdk\\src\\commons\\util.ts","statementMap":{"0":{"start":{"line":1,"column":0},"end":{"line":1,"column":null}},"1":{"start":{"line":19,"column":14},"end":{"line":19,"column":32}},"2":{"start":{"line":21,"column":2},"end":{"line":23,"column":60}},"3":{"start":{"line":18,"column":0},"end":{"line":18,"column":16}},"4":{"start":{"line":27,"column":2},"end":{"line":34,"column":38}},"5":{"start":{"line":28,"column":4},"end":{"line":32,"column":null}},"6":{"start":{"line":29,"column":6},"end":{"line":29,"column":42}},"7":{"start":{"line":31,"column":6},"end":{"line":31,"column":38}},"8":{"start":{"line":33,"column":4},"end":{"line":33,"column":17}},"9":{"start":{"line":26,"column":0},"end":{"line":26,"column":16}},"10":{"start":{"line":38,"column":2},"end":{"line":40,"column":null}},"11":{"start":{"line":39,"column":4},"end":{"line":39,"column":33}},"12":{"start":{"line":42,"column":4},"end":{"line":42,"column":75}},"13":{"start":{"line":43,"column":2},"end":{"line":45,"column":4}},"14":{"start":{"line":44,"column":4},"end":{"line":44,"column":78}},"15":{"start":{"line":37,"column":0},"end":{"line":37,"column":16}},"16":{"start":{"line":48,"column":26},"end":{"line":49,"column":46}},"17":{"start":{"line":49,"column":2},"end":{"line":49,"column":46}},"18":{"start":{"line":48,"column":13},"end":{"line":48,"column":26}},"19":{"start":{"line":50,"column":28},"end":{"line":51,"column":46}},"20":{"start":{"line":51,"column":2},"end":{"line":51,"column":46}},"21":{"start":{"line":50,"column":13},"end":{"line":50,"column":28}},"22":{"start":{"line":52,"column":22},"end":{"line":52,"column":65}},"23":{"start":{"line":52,"column":47},"end":{"line":52,"column":65}},"24":{"start":{"line":52,"column":13},"end":{"line":52,"column":22}},"25":{"start":{"line":54,"column":34},"end":{"line":59,"column":55}},"26":{"start":{"line":57,"column":2},"end":{"line":59,"column":55}},"27":{"start":{"line":54,"column":13},"end":{"line":54,"column":34}},"28":{"start":{"line":61,"column":38},"end":{"line":66,"column":59}},"29":{"start":{"line":64,"column":2},"end":{"line":66,"column":59}},"30":{"start":{"line":61,"column":13},"end":{"line":61,"column":38}},"31":{"start":{"line":68,"column":43},"end":{"line":73,"column":64}},"32":{"start":{"line":71,"column":2},"end":{"line":73,"column":64}},"33":{"start":{"line":68,"column":13},"end":{"line":68,"column":43}},"34":{"start":{"line":75,"column":28},"end":{"line":90,"column":1}},"35":{"start":{"line":83,"column":2},"end":{"line":89,"column":11}},"36":{"start":{"line":75,"column":13},"end":{"line":75,"column":28}},"37":{"start":{"line":92,"column":29},"end":{"line":95,"column":42}},"38":{"start":{"line":95,"column":2},"end":{"line":95,"column":42}},"39":{"start":{"line":92,"column":13},"end":{"line":92,"column":29}}},"fnMap":{"0":{"name":"parseNameFromUri","decl":{"start":{"line":18,"column":16},"end":{"line":18,"column":32}},"loc":{"start":{"line":18,"column":50},"end":{"line":24,"column":1}}},"1":{"name":"groupBySubject","decl":{"start":{"line":26,"column":16},"end":{"line":26,"column":30}},"loc":{"start":{"line":26,"column":44},"end":{"line":35,"column":1}}},"2":{"name":"(anonymous_2)","decl":{"start":{"line":27,"column":22},"end":{"line":27,"column":23}},"loc":{"start":{"line":27,"column":38},"end":{"line":34,"column":3}}},"3":{"name":"printQuads","decl":{"start":{"line":37,"column":16},"end":{"line":37,"column":26}},"loc":{"start":{"line":37,"column":64},"end":{"line":46,"column":1}}},"4":{"name":"(anonymous_4)","decl":{"start":{"line":43,"column":12},"end":{"line":43,"column":13}},"loc":{"start":{"line":44,"column":4},"end":{"line":44,"column":78}}},"5":{"name":"(anonymous_5)","decl":{"start":{"line":48,"column":26},"end":{"line":48,"column":27}},"loc":{"start":{"line":49,"column":2},"end":{"line":49,"column":46}}},"6":{"name":"(anonymous_6)","decl":{"start":{"line":50,"column":28},"end":{"line":50,"column":29}},"loc":{"start":{"line":51,"column":2},"end":{"line":51,"column":46}}},"7":{"name":"(anonymous_7)","decl":{"start":{"line":52,"column":22},"end":{"line":52,"column":23}},"loc":{"start":{"line":52,"column":47},"end":{"line":52,"column":65}}},"8":{"name":"(anonymous_8)","decl":{"start":{"line":54,"column":34},"end":{"line":54,"column":null}},"loc":{"start":{"line":57,"column":2},"end":{"line":59,"column":55}}},"9":{"name":"(anonymous_9)","decl":{"start":{"line":61,"column":38},"end":{"line":61,"column":null}},"loc":{"start":{"line":64,"column":2},"end":{"line":66,"column":59}}},"10":{"name":"(anonymous_10)","decl":{"start":{"line":68,"column":43},"end":{"line":68,"column":null}},"loc":{"start":{"line":71,"column":2},"end":{"line":73,"column":64}}},"11":{"name":"(anonymous_11)","decl":{"start":{"line":75,"column":28},"end":{"line":75,"column":null}},"loc":{"start":{"line":82,"column":22},"end":{"line":90,"column":1}}},"12":{"name":"(anonymous_12)","decl":{"start":{"line":92,"column":29},"end":{"line":92,"column":null}},"loc":{"start":{"line":95,"column":2},"end":{"line":95,"column":42}}}},"branchMap":{"0":{"loc":{"start":{"line":21,"column":9},"end":{"line":23,"column":59}},"type":"cond-expr","locations":[{"start":{"line":22,"column":6},"end":{"line":22,"column":23}},{"start":{"line":23,"column":6},"end":{"line":23,"column":59}}]},"1":{"loc":{"start":{"line":28,"column":4},"end":{"line":32,"column":null}},"type":"if","locations":[{"start":{"line":28,"column":4},"end":{"line":32,"column":null}},{"start":{"line":30,"column":11},"end":{"line":32,"column":null}}]},"2":{"loc":{"start":{"line":38,"column":2},"end":{"line":40,"column":null}},"type":"if","locations":[{"start":{"line":38,"column":2},"end":{"line":40,"column":null}}]},"3":{"loc":{"start":{"line":42,"column":4},"end":{"line":42,"column":75}},"type":"cond-expr","locations":[{"start":{"line":42,"column":29},"end":{"line":42,"column":34}},{"start":{"line":42,"column":37},"end":{"line":42,"column":75}}]},"4":{"loc":{"start":{"line":57,"column":2},"end":{"line":59,"column":55}},"type":"binary-expr","locations":[{"start":{"line":57,"column":2},"end":{"line":57,"column":20}},{"start":{"line":58,"column":3},"end":{"line":58,"column":22}},{"start":{"line":58,"column":26},"end":{"line":58,"column":57}},{"start":{"line":59,"column":3},"end":{"line":59,"column":19}},{"start":{"line":59,"column":23},"end":{"line":59,"column":54}}]},"5":{"loc":{"start":{"line":64,"column":2},"end":{"line":66,"column":59}},"type":"binary-expr","locations":[{"start":{"line":64,"column":2},"end":{"line":64,"column":20}},{"start":{"line":65,"column":3},"end":{"line":65,"column":22}},{"start":{"line":65,"column":26},"end":{"line":65,"column":61}},{"start":{"line":66,"column":3},"end":{"line":66,"column":19}},{"start":{"line":66,"column":23},"end":{"line":66,"column":58}}]},"6":{"loc":{"start":{"line":71,"column":2},"end":{"line":73,"column":64}},"type":"binary-expr","locations":[{"start":{"line":71,"column":2},"end":{"line":71,"column":20}},{"start":{"line":72,"column":3},"end":{"line":72,"column":22}},{"start":{"line":72,"column":26},"end":{"line":72,"column":66}},{"start":{"line":73,"column":3},"end":{"line":73,"column":19}},{"start":{"line":73,"column":23},"end":{"line":73,"column":63}}]},"7":{"loc":{"start":{"line":83,"column":9},"end":{"line":89,"column":10}},"type":"cond-expr","locations":[{"start":{"line":84,"column":6},"end":{"line":84,"column":31}},{"start":{"line":85,"column":6},"end":{"line":89,"column":10}}]},"8":{"loc":{"start":{"line":85,"column":6},"end":{"line":89,"column":10}},"type":"cond-expr","locations":[{"start":{"line":86,"column":6},"end":{"line":86,"column":31}},{"start":{"line":87,"column":6},"end":{"line":89,"column":10}}]},"9":{"loc":{"start":{"line":87,"column":6},"end":{"line":89,"column":10}},"type":"cond-expr","locations":[{"start":{"line":88,"column":6},"end":{"line":88,"column":10}},{"start":{"line":89,"column":6},"end":{"line":89,"column":10}}]},"10":{"loc":{"start":{"line":95,"column":2},"end":{"line":95,"column":42}},"type":"cond-expr","locations":[{"start":{"line":95,"column":24},"end":{"line":95,"column":35}},{"start":{"line":95,"column":38},"end":{"line":95,"column":42}}]}},"s":{"0":1,"1":13,"2":13,"3":1,"4":1,"5":20,"6":17,"7":3,"8":20,"9":1,"10":0,"11":0,"12":0,"13":0,"14":0,"15":1,"16":1,"17":26,"18":1,"19":1,"20":6,"21":1,"22":1,"23":3,"24":1,"25":1,"26":52,"27":1,"28":1,"29":26,"30":1,"31":1,"32":0,"33":1,"34":1,"35":4,"36":1,"37":1,"38":0,"39":1},"f":{"0":13,"1":1,"2":20,"3":0,"4":0,"5":26,"6":6,"7":3,"8":52,"9":26,"10":0,"11":4,"12":0},"b":{"0":[0,13],"1":[17,3],"2":[0],"3":[0,0],"4":[52,30,20,10,4],"5":[26,23,10,23,2],"6":[0,0,0,0,0],"7":[1,3],"8":[0,3],"9":[3,0],"10":[0,0]}}
,"C:\\Users\\tdupont\\Workspaces\\sdx-sdk\\src\\commons\\vocab.ts": {"path":"C:\\Users\\tdupont\\Workspaces\\sdx-sdk\\src\\commons\\vocab.ts","statementMap":{"0":{"start":{"line":1,"column":0},"end":{"line":1,"column":33}},"1":{"start":{"line":3,"column":22},"end":{"line":3,"column":33}},"2":{"start":{"line":5,"column":13},"end":{"line":8,"column":2}},"3":{"start":{"line":10,"column":13},"end":{"line":22,"column":2}},"4":{"start":{"line":24,"column":13},"end":{"line":29,"column":2}}},"fnMap":{},"branchMap":{},"s":{"0":1,"1":1,"2":1,"3":1,"4":1},"f":{},"b":{}}
,"C:\\Users\\tdupont\\Workspaces\\sdx-sdk\\src\\commons\\ldp\\ldp-client.ts": {"path":"C:\\Users\\tdupont\\Workspaces\\sdx-sdk\\src\\commons\\ldp\\ldp-client.ts","statementMap":{"0":{"start":{"line":1,"column":0},"end":{"line":1,"column":45}},"1":{"start":{"line":2,"column":0},"end":{"line":2,"column":34}},"2":{"start":{"line":9,"column":4},"end":{"line":9,"column":47}},"3":{"start":{"line":17,"column":26},"end":{"line":20,"column":6}},"4":{"start":{"line":21,"column":26},"end":{"line":24,"column":6}},"5":{"start":{"line":25,"column":20},"end":{"line":25,"column":24}},"6":{"start":{"line":26,"column":20},"end":{"line":26,"column":24}},"7":{"start":{"line":28,"column":4},"end":{"line":33,"column":null}},"8":{"start":{"line":29,"column":6},"end":{"line":29,"column":38}},"9":{"start":{"line":30,"column":6},"end":{"line":32,"column":8}},"10":{"start":{"line":31,"column":24},"end":{"line":31,"column":65}},"11":{"start":{"line":34,"column":4},"end":{"line":39,"column":null}},"12":{"start":{"line":35,"column":6},"end":{"line":35,"column":38}},"13":{"start":{"line":36,"column":6},"end":{"line":38,"column":8}},"14":{"start":{"line":37,"column":24},"end":{"line":37,"column":65}},"15":{"start":{"line":42,"column":6},"end":{"line":42,"column":75}},"16":{"start":{"line":42,"column":46},"end":{"line":42,"column":58}},"17":{"start":{"line":43,"column":24},"end":{"line":43,"column":131}},"18":{"start":{"line":45,"column":17},"end":{"line":52,"column":6}},"19":{"start":{"line":54,"column":4},"end":{"line":58,"column":null}},"20":{"start":{"line":55,"column":6},"end":{"line":57,"column":8}},"21":{"start":{"line":59,"column":4},"end":{"line":59,"column":16}},"22":{"start":{"line":5,"column":0},"end":{"line":5,"column":13}}},"fnMap":{"0":{"name":"(anonymous_1)","decl":{"start":{"line":8,"column":2},"end":{"line":8,"column":14}},"loc":{"start":{"line":8,"column":56},"end":{"line":10,"column":3}}},"1":{"name":"(anonymous_2)","decl":{"start":{"line":12,"column":2},"end":{"line":12,"column":7}},"loc":{"start":{"line":15,"column":33},"end":{"line":60,"column":3}}},"2":{"name":"(anonymous_3)","decl":{"start":{"line":31,"column":8},"end":{"line":31,"column":9}},"loc":{"start":{"line":31,"column":24},"end":{"line":31,"column":65}}},"3":{"name":"(anonymous_4)","decl":{"start":{"line":37,"column":8},"end":{"line":37,"column":9}},"loc":{"start":{"line":37,"column":24},"end":{"line":37,"column":65}}},"4":{"name":"(anonymous_5)","decl":{"start":{"line":42,"column":36},"end":{"line":42,"column":37}},"loc":{"start":{"line":42,"column":46},"end":{"line":42,"column":58}}}},"branchMap":{"0":{"loc":{"start":{"line":14,"column":4},"end":{"line":14,"column":33}},"type":"default-arg","locations":[{"start":{"line":14,"column":29},"end":{"line":14,"column":33}}]},"1":{"loc":{"start":{"line":15,"column":4},"end":{"line":15,"column":33}},"type":"default-arg","locations":[{"start":{"line":15,"column":29},"end":{"line":15,"column":33}}]},"2":{"loc":{"start":{"line":28,"column":4},"end":{"line":33,"column":null}},"type":"if","locations":[{"start":{"line":28,"column":4},"end":{"line":33,"column":null}}]},"3":{"loc":{"start":{"line":34,"column":4},"end":{"line":39,"column":null}},"type":"if","locations":[{"start":{"line":34,"column":4},"end":{"line":39,"column":null}}]},"4":{"loc":{"start":{"line":54,"column":4},"end":{"line":58,"column":null}},"type":"if","locations":[{"start":{"line":54,"column":4},"end":{"line":58,"column":null}}]},"5":{"loc":{"start":{"line":54,"column":8},"end":{"line":54,"column":46}},"type":"binary-expr","locations":[{"start":{"line":54,"column":8},"end":{"line":54,"column":25}},{"start":{"line":54,"column":29},"end":{"line":54,"column":46}}]}},"s":{"0":1,"1":1,"2":0,"3":0,"4":0,"5":0,"6":0,"7":0,"8":0,"9":0,"10":0,"11":0,"12":0,"13":0,"14":0,"15":0,"16":0,"17":0,"18":0,"19":0,"20":0,"21":0,"22":1},"f":{"0":0,"1":0,"2":0,"3":0,"4":0},"b":{"0":[0],"1":[0],"2":[0],"3":[0],"4":[0],"5":[0,0]}}
,"C:\\Users\\tdupont\\Workspaces\\sdx-sdk\\src\\parse\\context.ts": {"path":"C:\\Users\\tdupont\\Workspaces\\sdx-sdk\\src\\parse\\context.ts","statementMap":{"0":{"start":{"line":2,"column":0},"end":{"line":2,"column":33}},"1":{"start":{"line":3,"column":0},"end":{"line":3,"column":32}},"2":{"start":{"line":4,"column":0},"end":{"line":4,"column":42}},"3":{"start":{"line":11,"column":10},"end":{"line":11,"column":52}},"4":{"start":{"line":22,"column":4},"end":{"line":22,"column":34}},"5":{"start":{"line":23,"column":4},"end":{"line":23,"column":52}},"6":{"start":{"line":24,"column":4},"end":{"line":24,"column":49}},"7":{"start":{"line":25,"column":4},"end":{"line":25,"column":69}},"8":{"start":{"line":33,"column":4},"end":{"line":33,"column":22}},"9":{"start":{"line":37,"column":4},"end":{"line":37,"column":23}},"10":{"start":{"line":41,"column":4},"end":{"line":41,"column":22}},"11":{"start":{"line":45,"column":4},"end":{"line":45,"column":27}},"12":{"start":{"line":49,"column":4},"end":{"line":49,"column":27}},"13":{"start":{"line":53,"column":28},"end":{"line":53,"column":30}},"14":{"start":{"line":54,"column":26},"end":{"line":56,"column":62}},"15":{"start":{"line":56,"column":24},"end":{"line":56,"column":61}},"16":{"start":{"line":57,"column":4},"end":{"line":59,"column":null}},"17":{"start":{"line":58,"column":6},"end":{"line":58,"column":45}},"18":{"start":{"line":60,"column":4},"end":{"line":60,"column":18}},"19":{"start":{"line":67,"column":4},"end":{"line":67,"column":43}},"20":{"start":{"line":71,"column":4},"end":{"line":71,"column":73}},"21":{"start":{"line":71,"column":34},"end":{"line":71,"column":71}},"22":{"start":{"line":6,"column":0},"end":{"line":6,"column":13}}},"fnMap":{"0":{"name":"(anonymous_0)","decl":{"start":{"line":18,"column":2},"end":{"line":18,"column":null}},"loc":{"start":{"line":20,"column":60},"end":{"line":26,"column":3}}},"1":{"name":"(anonymous_1)","decl":{"start":{"line":32,"column":2},"end":{"line":32,"column":10}},"loc":{"start":{"line":32,"column":10},"end":{"line":34,"column":3}}},"2":{"name":"(anonymous_2)","decl":{"start":{"line":36,"column":2},"end":{"line":36,"column":11}},"loc":{"start":{"line":36,"column":11},"end":{"line":38,"column":3}}},"3":{"name":"(anonymous_3)","decl":{"start":{"line":40,"column":2},"end":{"line":40,"column":23}},"loc":{"start":{"line":40,"column":23},"end":{"line":42,"column":3}}},"4":{"name":"(anonymous_4)","decl":{"start":{"line":44,"column":2},"end":{"line":44,"column":15}},"loc":{"start":{"line":44,"column":15},"end":{"line":46,"column":3}}},"5":{"name":"(anonymous_5)","decl":{"start":{"line":48,"column":2},"end":{"line":48,"column":15}},"loc":{"start":{"line":48,"column":15},"end":{"line":50,"column":3}}},"6":{"name":"(anonymous_6)","decl":{"start":{"line":52,"column":10},"end":{"line":52,"column":23}},"loc":{"start":{"line":52,"column":36},"end":{"line":61,"column":3}}},"7":{"name":"(anonymous_7)","decl":{"start":{"line":56,"column":15},"end":{"line":56,"column":16}},"loc":{"start":{"line":56,"column":24},"end":{"line":56,"column":61}}},"8":{"name":"(anonymous_8)","decl":{"start":{"line":63,"column":10},"end":{"line":63,"column":22}},"loc":{"start":{"line":65,"column":60},"end":{"line":68,"column":3}}},"9":{"name":"(anonymous_9)","decl":{"start":{"line":70,"column":10},"end":{"line":70,"column":27}},"loc":{"start":{"line":70,"column":41},"end":{"line":72,"column":3}}},"10":{"name":"(anonymous_10)","decl":{"start":{"line":71,"column":24},"end":{"line":71,"column":25}},"loc":{"start":{"line":71,"column":34},"end":{"line":71,"column":71}}}},"branchMap":{},"s":{"0":1,"1":1,"2":1,"3":1,"4":1,"5":1,"6":1,"7":1,"8":3,"9":0,"10":5,"11":11,"12":15,"13":1,"14":1,"15":3,"16":1,"17":3,"18":1,"19":1,"20":1,"21":62,"22":1},"f":{"0":1,"1":3,"2":0,"3":5,"4":11,"5":15,"6":1,"7":3,"8":1,"9":1,"10":62},"b":{}}
,"C:\\Users\\tdupont\\Workspaces\\sdx-sdk\\src\\parse\\index.ts": {"path":"C:\\Users\\tdupont\\Workspaces\\sdx-sdk\\src\\parse\\index.ts","statementMap":{"0":{"start":{"line":3,"column":0},"end":{"line":3,"column":39}}},"fnMap":{},"branchMap":{},"s":{"0":1},"f":{},"b":{}}
,"C:\\Users\\tdupont\\Workspaces\\sdx-sdk\\src\\parse\\shacl-reader.service.ts": {"path":"C:\\Users\\tdupont\\Workspaces\\sdx-sdk\\src\\parse\\shacl-reader.service.ts","statementMap":{"0":{"start":{"line":1,"column":0},"end":{"line":1,"column":26}},"1":{"start":{"line":2,"column":0},"end":{"line":2,"column":null}},"2":{"start":{"line":25,"column":0},"end":{"line":25,"column":34}},"3":{"start":{"line":26,"column":0},"end":{"line":26,"column":53}},"4":{"start":{"line":27,"column":0},"end":{"line":27,"column":35}},"5":{"start":{"line":28,"column":0},"end":{"line":28,"column":36}},"6":{"start":{"line":33,"column":55},"end":{"line":44,"column":11}},"7":{"start":{"line":46,"column":58},"end":{"line":51,"column":11}},"8":{"start":{"line":53,"column":62},"end":{"line":58,"column":11}},"9":{"start":{"line":60,"column":29},"end":{"line":63,"column":2}},"10":{"start":{"line":65,"column":21},"end":{"line":69,"column":2}},"11":{"start":{"line":71,"column":27},"end":{"line":78,"column":2}},"12":{"start":{"line":80,"column":24},"end":{"line":80,"column":31}},"13":{"start":{"line":81,"column":27},"end":{"line":81,"column":37}},"14":{"start":{"line":85,"column":7},"end":{"line":456,"column":null}},"15":{"start":{"line":87,"column":10},"end":{"line":87,"column":30}},"16":{"start":{"line":88,"column":2},"end":{"line":88,"column":17}},"17":{"start":{"line":91,"column":4},"end":{"line":91,"column":51}},"18":{"start":{"line":95,"column":21},"end":{"line":96,"column":null}},"19":{"start":{"line":98,"column":4},"end":{"line":98,"column":21}},"20":{"start":{"line":99,"column":4},"end":{"line":102,"column":null}},"21":{"start":{"line":100,"column":18},"end":{"line":100,"column":52}},"22":{"start":{"line":101,"column":6},"end":{"line":101,"column":55}},"23":{"start":{"line":103,"column":4},"end":{"line":103,"column":23}},"24":{"start":{"line":114,"column":4},"end":{"line":116,"column":null}},"25":{"start":{"line":115,"column":6},"end":{"line":115,"column":33}},"26":{"start":{"line":118,"column":20},"end":{"line":118,"column":69}},"27":{"start":{"line":121,"column":4},"end":{"line":125,"column":7}},"28":{"start":{"line":134,"column":18},"end":{"line":151,"column":43}},"29":{"start":{"line":137,"column":25},"end":{"line":148,"column":10}},"30":{"start":{"line":153,"column":4},"end":{"line":153,"column":17}},"31":{"start":{"line":162,"column":18},"end":{"line":162,"column":49}},"32":{"start":{"line":163,"column":21},"end":{"line":193,"column":6}},"33":{"start":{"line":166,"column":27},"end":{"line":166,"column":65}},"34":{"start":{"line":167,"column":27},"end":{"line":167,"column":65}},"35":{"start":{"line":168,"column":8},"end":{"line":191,"column":10}},"36":{"start":{"line":194,"column":4},"end":{"line":194,"column":20}},"37":{"start":{"line":209,"column":20},"end":{"line":209,"column":78}},"38":{"start":{"line":209,"column":59},"end":{"line":209,"column":77}},"39":{"start":{"line":210,"column":4},"end":{"line":230,"column":null}},"40":{"start":{"line":211,"column":19},"end":{"line":215,"column":null}},"41":{"start":{"line":213,"column":33},"end":{"line":213,"column":69}},"42":{"start":{"line":214,"column":33},"end":{"line":214,"column":53}},"43":{"start":{"line":215,"column":34},"end":{"line":215,"column":75}},"44":{"start":{"line":217,"column":6},"end":{"line":223,"column":null}},"45":{"start":{"line":218,"column":8},"end":{"line":222,"column":10}},"46":{"start":{"line":224,"column":6},"end":{"line":228,"column":35}},"47":{"start":{"line":229,"column":6},"end":{"line":229,"column":46}},"48":{"start":{"line":231,"column":4},"end":{"line":231,"column":21}},"49":{"start":{"line":244,"column":4},"end":{"line":248,"column":7}},"50":{"start":{"line":262,"column":62},"end":{"line":264,"column":6}},"51":{"start":{"line":267,"column":22},"end":{"line":271,"column":null}},"52":{"start":{"line":273,"column":4},"end":{"line":278,"column":null}},"53":{"start":{"line":274,"column":6},"end":{"line":277,"column":8}},"54":{"start":{"line":281,"column":18},"end":{"line":302,"column":55}},"55":{"start":{"line":282,"column":6},"end":{"line":300,"column":null}},"56":{"start":{"line":284,"column":10},"end":{"line":285,"column":70}},"57":{"start":{"line":286,"column":8},"end":{"line":299,"column":10}},"58":{"start":{"line":301,"column":6},"end":{"line":301,"column":17}},"59":{"start":{"line":303,"column":4},"end":{"line":303,"column":35}},"60":{"start":{"line":318,"column":20},"end":{"line":318,"column":56}},"61":{"start":{"line":319,"column":23},"end":{"line":319,"column":62}},"62":{"start":{"line":320,"column":21},"end":{"line":320,"column":58}},"63":{"start":{"line":321,"column":23},"end":{"line":321,"column":62}},"64":{"start":{"line":322,"column":23},"end":{"line":322,"column":53}},"65":{"start":{"line":323,"column":22},"end":{"line":323,"column":73}},"66":{"start":{"line":324,"column":4},"end":{"line":353,"column":6}},"67":{"start":{"line":368,"column":20},"end":{"line":368,"column":56}},"68":{"start":{"line":369,"column":22},"end":{"line":369,"column":60}},"69":{"start":{"line":370,"column":23},"end":{"line":370,"column":53}},"70":{"start":{"line":371,"column":22},"end":{"line":371,"column":73}},"71":{"start":{"line":372,"column":4},"end":{"line":391,"column":6}},"72":{"start":{"line":400,"column":29},"end":{"line":419,"column":5}},"73":{"start":{"line":407,"column":24},"end":{"line":407,"column":28}},"74":{"start":{"line":409,"column":6},"end":{"line":414,"column":null}},"75":{"start":{"line":413,"column":8},"end":{"line":413,"column":41}},"76":{"start":{"line":415,"column":6},"end":{"line":417,"column":null}},"77":{"start":{"line":416,"column":8},"end":{"line":416,"column":44}},"78":{"start":{"line":418,"column":6},"end":{"line":418,"column":20}},"79":{"start":{"line":420,"column":18},"end":{"line":444,"column":null}},"80":{"start":{"line":421,"column":6},"end":{"line":444,"column":null}},"81":{"start":{"line":426,"column":27},"end":{"line":426,"column":52}},"82":{"start":{"line":427,"column":10},"end":{"line":442,"column":null}},"83":{"start":{"line":428,"column":12},"end":{"line":428,"column":24}},"84":{"start":{"line":430,"column":12},"end":{"line":441,"column":14}},"85":{"start":{"line":446,"column":4},"end":{"line":454,"column":7}},"86":{"start":{"line":85,"column":13},"end":{"line":456,"column":null}},"87":{"start":{"line":85,"column":13},"end":{"line":85,"column":31}},"88":{"start":{"line":462,"column":18},"end":{"line":462,"column":47}},"89":{"start":{"line":464,"column":2},"end":{"line":467,"column":18}},"90":{"start":{"line":468,"column":2},"end":{"line":472,"column":4}},"91":{"start":{"line":479,"column":2},"end":{"line":488,"column":null}},"92":{"start":{"line":480,"column":14},"end":{"line":480,"column":66}},"93":{"start":{"line":481,"column":4},"end":{"line":483,"column":null}},"94":{"start":{"line":482,"column":6},"end":{"line":482,"column":33}},"95":{"start":{"line":484,"column":4},"end":{"line":486,"column":null}},"96":{"start":{"line":485,"column":6},"end":{"line":485,"column":36}},"97":{"start":{"line":487,"column":4},"end":{"line":487,"column":15}},"98":{"start":{"line":489,"column":2},"end":{"line":498,"column":null}},"99":{"start":{"line":490,"column":14},"end":{"line":490,"column":63}},"100":{"start":{"line":491,"column":4},"end":{"line":493,"column":null}},"101":{"start":{"line":492,"column":6},"end":{"line":492,"column":33}},"102":{"start":{"line":494,"column":4},"end":{"line":496,"column":null}},"103":{"start":{"line":495,"column":6},"end":{"line":495,"column":36}},"104":{"start":{"line":497,"column":4},"end":{"line":497,"column":15}},"105":{"start":{"line":499,"column":30},"end":{"line":500,"column":null}},"106":{"start":{"line":500,"column":11},"end":{"line":500,"column":37}},"107":{"start":{"line":502,"column":2},"end":{"line":504,"column":null}},"108":{"start":{"line":503,"column":4},"end":{"line":503,"column":59}},"109":{"start":{"line":505,"column":2},"end":{"line":507,"column":null}},"110":{"start":{"line":506,"column":4},"end":{"line":506,"column":31}},"111":{"start":{"line":508,"column":2},"end":{"line":510,"column":null}},"112":{"start":{"line":509,"column":4},"end":{"line":509,"column":34}},"113":{"start":{"line":511,"column":2},"end":{"line":511,"column":13}},"114":{"start":{"line":520,"column":21},"end":{"line":520,"column":55}},"115":{"start":{"line":521,"column":2},"end":{"line":521,"column":48}}},"fnMap":{"0":{"name":"(anonymous_2)","decl":{"start":{"line":90,"column":2},"end":{"line":90,"column":null}},"loc":{"start":{"line":90,"column":2},"end":{"line":92,"column":3}}},"1":{"name":"(anonymous_3)","decl":{"start":{"line":94,"column":2},"end":{"line":94,"column":7}},"loc":{"start":{"line":94,"column":30},"end":{"line":104,"column":3}}},"2":{"name":"(anonymous_4)","decl":{"start":{"line":106,"column":2},"end":{"line":106,"column":7}},"loc":{"start":{"line":106,"column":31},"end":{"line":126,"column":3}}},"3":{"name":"(anonymous_5)","decl":{"start":{"line":133,"column":10},"end":{"line":133,"column":29}},"loc":{"start":{"line":133,"column":56},"end":{"line":154,"column":3}}},"4":{"name":"(anonymous_6)","decl":{"start":{"line":137,"column":8},"end":{"line":137,"column":9}},"loc":{"start":{"line":137,"column":25},"end":{"line":148,"column":10}}},"5":{"name":"(anonymous_7)","decl":{"start":{"line":161,"column":10},"end":{"line":161,"column":37}},"loc":{"start":{"line":161,"column":54},"end":{"line":195,"column":3}}},"6":{"name":"(anonymous_8)","decl":{"start":{"line":165,"column":27},"end":{"line":165,"column":28}},"loc":{"start":{"line":165,"column":42},"end":{"line":192,"column":7}}},"7":{"name":"(anonymous_9)","decl":{"start":{"line":203,"column":10},"end":{"line":203,"column":33}},"loc":{"start":{"line":207,"column":20},"end":{"line":232,"column":3}}},"8":{"name":"(anonymous_10)","decl":{"start":{"line":209,"column":49},"end":{"line":209,"column":50}},"loc":{"start":{"line":209,"column":59},"end":{"line":209,"column":77}}},"9":{"name":"(anonymous_11)","decl":{"start":{"line":213,"column":18},"end":{"line":213,"column":19}},"loc":{"start":{"line":213,"column":33},"end":{"line":213,"column":69}}},"10":{"name":"(anonymous_12)","decl":{"start":{"line":214,"column":18},"end":{"line":214,"column":19}},"loc":{"start":{"line":214,"column":33},"end":{"line":214,"column":53}}},"11":{"name":"(anonymous_13)","decl":{"start":{"line":215,"column":15},"end":{"line":215,"column":16}},"loc":{"start":{"line":215,"column":34},"end":{"line":215,"column":75}}},"12":{"name":"(anonymous_14)","decl":{"start":{"line":240,"column":10},"end":{"line":240,"column":36}},"loc":{"start":{"line":242,"column":20},"end":{"line":249,"column":3}}},"13":{"name":"(anonymous_15)","decl":{"start":{"line":257,"column":10},"end":{"line":257,"column":42}},"loc":{"start":{"line":259,"column":20},"end":{"line":304,"column":3}}},"14":{"name":"(anonymous_16)","decl":{"start":{"line":281,"column":57},"end":{"line":281,"column":58}},"loc":{"start":{"line":281,"column":72},"end":{"line":302,"column":5}}},"15":{"name":"(anonymous_17)","decl":{"start":{"line":313,"column":10},"end":{"line":313,"column":55}},"loc":{"start":{"line":316,"column":20},"end":{"line":354,"column":3}}},"16":{"name":"(anonymous_18)","decl":{"start":{"line":363,"column":10},"end":{"line":363,"column":53}},"loc":{"start":{"line":366,"column":20},"end":{"line":392,"column":3}}},"17":{"name":"(anonymous_19)","decl":{"start":{"line":399,"column":10},"end":{"line":399,"column":28}},"loc":{"start":{"line":399,"column":41},"end":{"line":455,"column":3}}},"18":{"name":"(anonymous_20)","decl":{"start":{"line":400,"column":29},"end":{"line":400,"column":null}},"loc":{"start":{"line":403,"column":78},"end":{"line":419,"column":5}}},"19":{"name":"(anonymous_21)","decl":{"start":{"line":420,"column":18},"end":{"line":420,"column":21}},"loc":{"start":{"line":421,"column":6},"end":{"line":444,"column":null}}},"20":{"name":"(anonymous_22)","decl":{"start":{"line":422,"column":8},"end":{"line":422,"column":null}},"loc":{"start":{"line":425,"column":12},"end":{"line":443,"column":9}}},"21":{"name":"toInputField","decl":{"start":{"line":458,"column":9},"end":{"line":458,"column":21}},"loc":{"start":{"line":460,"column":35},"end":{"line":473,"column":1}}},"22":{"name":"toScalarInputType","decl":{"start":{"line":475,"column":9},"end":{"line":475,"column":26}},"loc":{"start":{"line":477,"column":61},"end":{"line":512,"column":1}}},"23":{"name":"(anonymous_25)","decl":{"start":{"line":500,"column":4},"end":{"line":500,"column":5}},"loc":{"start":{"line":500,"column":11},"end":{"line":500,"column":37}}},"24":{"name":"isIdentifier","decl":{"start":{"line":519,"column":9},"end":{"line":519,"column":21}},"loc":{"start":{"line":519,"column":71},"end":{"line":522,"column":1}}}},"branchMap":{"0":{"loc":{"start":{"line":114,"column":4},"end":{"line":116,"column":null}},"type":"if","locations":[{"start":{"line":114,"column":4},"end":{"line":116,"column":null}}]},"1":{"loc":{"start":{"line":210,"column":4},"end":{"line":230,"column":null}},"type":"if","locations":[{"start":{"line":210,"column":4},"end":{"line":230,"column":null}}]},"2":{"loc":{"start":{"line":217,"column":6},"end":{"line":223,"column":null}},"type":"if","locations":[{"start":{"line":217,"column":6},"end":{"line":223,"column":null}}]},"3":{"loc":{"start":{"line":273,"column":4},"end":{"line":278,"column":null}},"type":"if","locations":[{"start":{"line":273,"column":4},"end":{"line":278,"column":null}}]},"4":{"loc":{"start":{"line":282,"column":6},"end":{"line":300,"column":null}},"type":"if","locations":[{"start":{"line":282,"column":6},"end":{"line":300,"column":null}}]},"5":{"loc":{"start":{"line":284,"column":10},"end":{"line":285,"column":70}},"type":"binary-expr","locations":[{"start":{"line":284,"column":10},"end":{"line":284,"column":32}},{"start":{"line":285,"column":11},"end":{"line":285,"column":36}},{"start":{"line":285,"column":40},"end":{"line":285,"column":69}}]},"6":{"loc":{"start":{"line":288,"column":14},"end":{"line":297,"column":null}},"type":"cond-expr","locations":[{"start":{"line":289,"column":14},"end":{"line":292,"column":null}},{"start":{"line":294,"column":14},"end":{"line":297,"column":null}}]},"7":{"loc":{"start":{"line":409,"column":6},"end":{"line":414,"column":null}},"type":"if","locations":[{"start":{"line":409,"column":6},"end":{"line":414,"column":null}}]},"8":{"loc":{"start":{"line":410,"column":8},"end":{"line":411,"column":62}},"type":"binary-expr","locations":[{"start":{"line":410,"column":8},"end":{"line":410,"column":31}},{"start":{"line":411,"column":9},"end":{"line":411,"column":31}},{"start":{"line":411,"column":35},"end":{"line":411,"column":61}}]},"9":{"loc":{"start":{"line":415,"column":6},"end":{"line":417,"column":null}},"type":"if","locations":[{"start":{"line":415,"column":6},"end":{"line":417,"column":null}}]},"10":{"loc":{"start":{"line":415,"column":10},"end":{"line":415,"column":62}},"type":"binary-expr","locations":[{"start":{"line":415,"column":10},"end":{"line":415,"column":32}},{"start":{"line":415,"column":36},"end":{"line":415,"column":62}}]},"11":{"loc":{"start":{"line":426,"column":27},"end":{"line":426,"column":52}},"type":"binary-expr","locations":[{"start":{"line":426,"column":27},"end":{"line":426,"column":36}},{"start":{"line":426,"column":40},"end":{"line":426,"column":52}}]},"12":{"loc":{"start":{"line":427,"column":10},"end":{"line":442,"column":null}},"type":"if","locations":[{"start":{"line":427,"column":10},"end":{"line":442,"column":null}},{"start":{"line":429,"column":17},"end":{"line":442,"column":null}}]},"13":{"loc":{"start":{"line":465,"column":4},"end":{"line":467,"column":17}},"type":"cond-expr","locations":[{"start":{"line":466,"column":8},"end":{"line":466,"column":24}},{"start":{"line":467,"column":8},"end":{"line":467,"column":17}}]},"14":{"loc":{"start":{"line":465,"column":4},"end":{"line":465,"column":57}},"type":"binary-expr","locations":[{"start":{"line":465,"column":4},"end":{"line":465,"column":29}},{"start":{"line":465,"column":33},"end":{"line":465,"column":57}}]},"15":{"loc":{"start":{"line":477,"column":2},"end":{"line":477,"column":61}},"type":"default-arg","locations":[{"start":{"line":477,"column":59},"end":{"line":477,"column":61}}]},"16":{"loc":{"start":{"line":479,"column":2},"end":{"line":488,"column":null}},"type":"if","locations":[{"start":{"line":479,"column":2},"end":{"line":488,"column":null}}]},"17":{"loc":{"start":{"line":481,"column":4},"end":{"line":483,"column":null}},"type":"if","locations":[{"start":{"line":481,"column":4},"end":{"line":483,"column":null}}]},"18":{"loc":{"start":{"line":484,"column":4},"end":{"line":486,"column":null}},"type":"if","locations":[{"start":{"line":484,"column":4},"end":{"line":486,"column":null}}]},"19":{"loc":{"start":{"line":489,"column":2},"end":{"line":498,"column":null}},"type":"if","locations":[{"start":{"line":489,"column":2},"end":{"line":498,"column":null}}]},"20":{"loc":{"start":{"line":491,"column":4},"end":{"line":493,"column":null}},"type":"if","locations":[{"start":{"line":491,"column":4},"end":{"line":493,"column":null}}]},"21":{"loc":{"start":{"line":494,"column":4},"end":{"line":496,"column":null}},"type":"if","locations":[{"start":{"line":494,"column":4},"end":{"line":496,"column":null}}]},"22":{"loc":{"start":{"line":502,"column":2},"end":{"line":504,"column":null}},"type":"if","locations":[{"start":{"line":502,"column":2},"end":{"line":504,"column":null}}]},"23":{"loc":{"start":{"line":505,"column":2},"end":{"line":507,"column":null}},"type":"if","locations":[{"start":{"line":505,"column":2},"end":{"line":507,"column":null}}]},"24":{"loc":{"start":{"line":508,"column":2},"end":{"line":510,"column":null}},"type":"if","locations":[{"start":{"line":508,"column":2},"end":{"line":510,"column":null}}]},"25":{"loc":{"start":{"line":521,"column":9},"end":{"line":521,"column":47}},"type":"binary-expr","locations":[{"start":{"line":521,"column":9},"end":{"line":521,"column":19}},{"start":{"line":521,"column":23},"end":{"line":521,"column":47}}]}},"s":{"0":1,"1":1,"2":1,"3":1,"4":1,"5":1,"6":1,"7":1,"8":1,"9":1,"10":1,"11":1,"12":1,"13":1,"14":1,"15":1,"16":1,"17":1,"18":1,"19":1,"20":1,"21":1,"22":1,"23":1,"24":1,"25":1,"26":1,"27":1,"28":1,"29":3,"30":1,"31":1,"32":1,"33":3,"34":3,"35":3,"36":1,"37":9,"38":25,"39":9,"40":6,"41":28,"42":22,"43":16,"44":6,"45":3,"46":6,"47":6,"48":9,"49":3,"50":3,"51":3,"52":3,"53":3,"54":3,"55":14,"56":3,"57":3,"58":14,"59":3,"60":1,"61":1,"62":1,"63":1,"64":1,"65":1,"66":1,"67":2,"68":2,"69":2,"70":2,"71":2,"72":3,"73":11,"74":11,"75":2,"76":11,"77":7,"78":11,"79":3,"80":3,"81":11,"82":11,"83":0,"84":11,"85":3,"86":1,"87":1,"88":16,"89":16,"90":16,"91":32,"92":2,"93":2,"94":0,"95":2,"96":0,"97":2,"98":30,"99":14,"100":14,"101":0,"102":14,"103":0,"104":14,"105":16,"106":16,"107":16,"108":0,"109":16,"110":2,"111":16,"112":14,"113":16,"114":22,"115":22},"f":{"0":1,"1":1,"2":1,"3":1,"4":3,"5":1,"6":3,"7":9,"8":25,"9":28,"10":22,"11":16,"12":3,"13":3,"14":14,"15":1,"16":2,"17":3,"18":11,"19":3,"20":11,"21":16,"22":32,"23":16,"24":22},"b":{"0":[1],"1":[6],"2":[3],"3":[3],"4":[3],"5":[3,2,0],"6":[1,2],"7":[2],"8":[11,9,9],"9":[7],"10":[11,7],"11":[11,3],"12":[0,11],"13":[7,9],"14":[16,8],"15":[16],"16":[2],"17":[0],"18":[0],"19":[14],"20":[0],"21":[0],"22":[0],"23":[2],"24":[14],"25":[22,22]}}
,"C:\\Users\\tdupont\\Workspaces\\sdx-sdk\\src\\parse\\model\\index.ts": {"path":"C:\\Users\\tdupont\\Workspaces\\sdx-sdk\\src\\parse\\model\\index.ts","statementMap":{"0":{"start":{"line":1,"column":0},"end":{"line":1,"column":24}},"1":{"start":{"line":2,"column":0},"end":{"line":2,"column":33}}},"fnMap":{},"branchMap":{},"s":{"0":1,"1":1},"f":{},"b":{}}
,"C:\\Users\\tdupont\\Workspaces\\sdx-sdk\\src\\parse\\model\\property-shape.ts": {"path":"C:\\Users\\tdupont\\Workspaces\\sdx-sdk\\src\\parse\\model\\property-shape.ts","statementMap":{"0":{"start":{"line":1,"column":0},"end":{"line":1,"column":null}},"1":{"start":{"line":8,"column":0},"end":{"line":8,"column":57}},"2":{"start":{"line":10,"column":0},"end":{"line":10,"column":45}},"3":{"start":{"line":11,"column":22},"end":{"line":11,"column":33}},"4":{"start":{"line":22,"column":21},"end":{"line":22,"column":34}},"5":{"start":{"line":22,"column":44},"end":{"line":22,"column":60}},"6":{"start":{"line":23,"column":18},"end":{"line":23,"column":34}},"7":{"start":{"line":24,"column":4},"end":{"line":26,"column":73}},"8":{"start":{"line":27,"column":4},"end":{"line":27,"column":72}},"9":{"start":{"line":28,"column":4},"end":{"line":28,"column":38}},"10":{"start":{"line":29,"column":4},"end":{"line":29,"column":58}},"11":{"start":{"line":30,"column":21},"end":{"line":30,"column":66}},"12":{"start":{"line":31,"column":4},"end":{"line":31,"column":62}},"13":{"start":{"line":32,"column":21},"end":{"line":32,"column":66}},"14":{"start":{"line":33,"column":4},"end":{"line":33,"column":62}},"15":{"start":{"line":34,"column":4},"end":{"line":34,"column":44}},"16":{"start":{"line":42,"column":16},"end":{"line":42,"column":55}},"17":{"start":{"line":43,"column":4},"end":{"line":49,"column":null}},"18":{"start":{"line":44,"column":6},"end":{"line":44,"column":30}},"19":{"start":{"line":45,"column":11},"end":{"line":49,"column":null}},"20":{"start":{"line":46,"column":6},"end":{"line":46,"column":77}},"21":{"start":{"line":48,"column":6},"end":{"line":48,"column":23}},"22":{"start":{"line":53,"column":17},"end":{"line":53,"column":62}},"23":{"start":{"line":54,"column":4},"end":{"line":54,"column":44}},"24":{"start":{"line":58,"column":18},"end":{"line":58,"column":60}},"25":{"start":{"line":59,"column":4},"end":{"line":59,"column":45}},"26":{"start":{"line":63,"column":4},"end":{"line":79,"column":null}},"27":{"start":{"line":65,"column":8},"end":{"line":65,"column":26}},"28":{"start":{"line":68,"column":8},"end":{"line":68,"column":28}},"29":{"start":{"line":72,"column":8},"end":{"line":72,"column":29}},"30":{"start":{"line":75,"column":8},"end":{"line":75,"column":28}},"31":{"start":{"line":78,"column":8},"end":{"line":78,"column":25}},"32":{"start":{"line":83,"column":4},"end":{"line":85,"column":null}},"33":{"start":{"line":84,"column":6},"end":{"line":84,"column":23}},"34":{"start":{"line":86,"column":18},"end":{"line":88,"column":70}},"35":{"start":{"line":89,"column":4},"end":{"line":91,"column":null}},"36":{"start":{"line":90,"column":6},"end":{"line":90,"column":64}},"37":{"start":{"line":92,"column":4},"end":{"line":92,"column":21}},"38":{"start":{"line":96,"column":4},"end":{"line":106,"column":6}},"39":{"start":{"line":97,"column":19},"end":{"line":99,"column":53}},"40":{"start":{"line":99,"column":24},"end":{"line":99,"column":52}},"41":{"start":{"line":100,"column":6},"end":{"line":104,"column":null}},"42":{"start":{"line":103,"column":8},"end":{"line":103,"column":75}},"43":{"start":{"line":105,"column":6},"end":{"line":105,"column":18}},"44":{"start":{"line":13,"column":0},"end":{"line":13,"column":13}}},"fnMap":{"0":{"name":"(anonymous_0)","decl":{"start":{"line":22,"column":2},"end":{"line":22,"column":21}},"loc":{"start":{"line":22,"column":60},"end":{"line":35,"column":3}}},"1":{"name":"(anonymous_1)","decl":{"start":{"line":37,"column":10},"end":{"line":37,"column":21}},"loc":{"start":{"line":40,"column":22},"end":{"line":50,"column":3}}},"2":{"name":"(anonymous_2)","decl":{"start":{"line":52,"column":10},"end":{"line":52,"column":19}},"loc":{"start":{"line":52,"column":32},"end":{"line":55,"column":3}}},"3":{"name":"(anonymous_3)","decl":{"start":{"line":57,"column":10},"end":{"line":57,"column":20}},"loc":{"start":{"line":57,"column":33},"end":{"line":60,"column":3}}},"4":{"name":"(anonymous_4)","decl":{"start":{"line":62,"column":10},"end":{"line":62,"column":31}},"loc":{"start":{"line":62,"column":49},"end":{"line":80,"column":3}}},"5":{"name":"(anonymous_5)","decl":{"start":{"line":82,"column":10},"end":{"line":82,"column":31}},"loc":{"start":{"line":82,"column":46},"end":{"line":93,"column":3}}},"6":{"name":"(anonymous_6)","decl":{"start":{"line":95,"column":2},"end":{"line":95,"column":13}},"loc":{"start":{"line":95,"column":18},"end":{"line":107,"column":3}}},"7":{"name":"(anonymous_7)","decl":{"start":{"line":96,"column":11},"end":{"line":96,"column":14}},"loc":{"start":{"line":96,"column":16},"end":{"line":106,"column":5}}},"8":{"name":"(anonymous_8)","decl":{"start":{"line":99,"column":14},"end":{"line":99,"column":15}},"loc":{"start":{"line":99,"column":24},"end":{"line":99,"column":52}}}},"branchMap":{"0":{"loc":{"start":{"line":25,"column":6},"end":{"line":26,"column":72}},"type":"binary-expr","locations":[{"start":{"line":25,"column":6},"end":{"line":25,"column":47}},{"start":{"line":26,"column":6},"end":{"line":26,"column":72}}]},"1":{"loc":{"start":{"line":31,"column":20},"end":{"line":31,"column":61}},"type":"cond-expr","locations":[{"start":{"line":31,"column":31},"end":{"line":31,"column":49}},{"start":{"line":31,"column":52},"end":{"line":31,"column":61}}]},"2":{"loc":{"start":{"line":33,"column":20},"end":{"line":33,"column":61}},"type":"cond-expr","locations":[{"start":{"line":33,"column":31},"end":{"line":33,"column":49}},{"start":{"line":33,"column":52},"end":{"line":33,"column":61}}]},"3":{"loc":{"start":{"line":40,"column":4},"end":{"line":40,"column":22}},"type":"default-arg","locations":[{"start":{"line":40,"column":17},"end":{"line":40,"column":22}}]},"4":{"loc":{"start":{"line":43,"column":4},"end":{"line":49,"column":null}},"type":"if","locations":[{"start":{"line":43,"column":4},"end":{"line":49,"column":null}},{"start":{"line":45,"column":11},"end":{"line":49,"column":null}}]},"5":{"loc":{"start":{"line":43,"column":8},"end":{"line":43,"column":31}},"type":"binary-expr","locations":[{"start":{"line":43,"column":8},"end":{"line":43,"column":11}},{"start":{"line":43,"column":15},"end":{"line":43,"column":31}}]},"6":{"loc":{"start":{"line":45,"column":11},"end":{"line":49,"column":null}},"type":"if","locations":[{"start":{"line":45,"column":11},"end":{"line":49,"column":null}},{"start":{"line":47,"column":11},"end":{"line":49,"column":null}}]},"7":{"loc":{"start":{"line":63,"column":4},"end":{"line":79,"column":null}},"type":"switch","locations":[{"start":{"line":64,"column":6},"end":{"line":65,"column":26}},{"start":{"line":67,"column":6},"end":{"line":68,"column":28}},{"start":{"line":70,"column":6},"end":{"line":70,"column":39}},{"start":{"line":71,"column":6},"end":{"line":72,"column":29}},{"start":{"line":74,"column":6},"end":{"line":75,"column":28}},{"start":{"line":77,"column":6},"end":{"line":78,"column":25}}]},"8":{"loc":{"start":{"line":83,"column":4},"end":{"line":85,"column":null}},"type":"if","locations":[{"start":{"line":83,"column":4},"end":{"line":85,"column":null}}]},"9":{"loc":{"start":{"line":89,"column":4},"end":{"line":91,"column":null}},"type":"if","locations":[{"start":{"line":89,"column":4},"end":{"line":91,"column":null}}]},"10":{"loc":{"start":{"line":89,"column":8},"end":{"line":89,"column":35}},"type":"binary-expr","locations":[{"start":{"line":89,"column":8},"end":{"line":89,"column":13}},{"start":{"line":89,"column":17},"end":{"line":89,"column":35}}]},"11":{"loc":{"start":{"line":100,"column":6},"end":{"line":104,"column":null}},"type":"if","locations":[{"start":{"line":100,"column":6},"end":{"line":104,"column":null}},{"start":{"line":102,"column":13},"end":{"line":104,"column":null}}]}},"s":{"0":1,"1":1,"2":1,"3":1,"4":11,"5":11,"6":11,"7":11,"8":11,"9":11,"10":11,"11":11,"12":11,"13":11,"14":11,"15":11,"16":84,"17":84,"18":49,"19":35,"20":0,"21":35,"22":11,"23":11,"24":11,"25":11,"26":11,"27":0,"28":0,"29":8,"30":0,"31":3,"32":11,"33":8,"34":3,"35":3,"36":3,"37":0,"38":3,"39":3,"40":7,"41":3,"42":0,"43":3,"44":1},"f":{"0":11,"1":84,"2":11,"3":11,"4":11,"5":11,"6":3,"7":3,"8":7},"b":{"0":[11,7],"1":[7,4],"2":[9,2],"3":[84],"4":[49,35],"5":[84,84],"6":[0,35],"7":[0,0,0,8,0,3],"8":[8],"9":[3],"10":[3,3],"11":[3,0]}}
,"C:\\Users\\tdupont\\Workspaces\\sdx-sdk\\src\\parse\\model\\shape.ts": {"path":"C:\\Users\\tdupont\\Workspaces\\sdx-sdk\\src\\parse\\model\\shape.ts","statementMap":{"0":{"start":{"line":1,"column":0},"end":{"line":1,"column":44}},"1":{"start":{"line":3,"column":0},"end":{"line":3,"column":49}},"2":{"start":{"line":4,"column":0},"end":{"line":4,"column":45}},"3":{"start":{"line":16,"column":21},"end":{"line":16,"column":34}},"4":{"start":{"line":19,"column":18},"end":{"line":19,"column":34}},"5":{"start":{"line":20,"column":4},"end":{"line":20,"column":38}},"6":{"start":{"line":21,"column":4},"end":{"line":21,"column":72}},"7":{"start":{"line":22,"column":4},"end":{"line":22,"column":67}},"8":{"start":{"line":26,"column":16},"end":{"line":26,"column":76}},"9":{"start":{"line":27,"column":4},"end":{"line":31,"column":null}},"10":{"start":{"line":28,"column":6},"end":{"line":28,"column":54}},"11":{"start":{"line":30,"column":6},"end":{"line":30,"column":75}},"12":{"start":{"line":39,"column":16},"end":{"line":39,"column":55}},"13":{"start":{"line":40,"column":4},"end":{"line":46,"column":null}},"14":{"start":{"line":41,"column":6},"end":{"line":41,"column":30}},"15":{"start":{"line":42,"column":11},"end":{"line":46,"column":null}},"16":{"start":{"line":43,"column":6},"end":{"line":43,"column":69}},"17":{"start":{"line":45,"column":6},"end":{"line":45,"column":23}},"18":{"start":{"line":51,"column":4},"end":{"line":61,"column":63}},"19":{"start":{"line":54,"column":8},"end":{"line":59,"column":null}},"20":{"start":{"line":55,"column":32},"end":{"line":57,"column":62}},"21":{"start":{"line":57,"column":30},"end":{"line":57,"column":61}},"22":{"start":{"line":58,"column":10},"end":{"line":58,"column":59}},"23":{"start":{"line":61,"column":24},"end":{"line":61,"column":42}},"24":{"start":{"line":6,"column":0},"end":{"line":6,"column":13}}},"fnMap":{"0":{"name":"(anonymous_0)","decl":{"start":{"line":16,"column":2},"end":{"line":16,"column":21}},"loc":{"start":{"line":16,"column":52},"end":{"line":23,"column":3}}},"1":{"name":"(anonymous_1)","decl":{"start":{"line":25,"column":10},"end":{"line":25,"column":19}},"loc":{"start":{"line":25,"column":32},"end":{"line":32,"column":3}}},"2":{"name":"(anonymous_2)","decl":{"start":{"line":34,"column":10},"end":{"line":34,"column":21}},"loc":{"start":{"line":37,"column":22},"end":{"line":47,"column":3}}},"3":{"name":"(anonymous_3)","decl":{"start":{"line":49,"column":10},"end":{"line":49,"column":29}},"loc":{"start":{"line":49,"column":60},"end":{"line":62,"column":3}}},"4":{"name":"(anonymous_4)","decl":{"start":{"line":53,"column":11},"end":{"line":53,"column":12}},"loc":{"start":{"line":53,"column":38},"end":{"line":60,"column":7}}},"5":{"name":"(anonymous_5)","decl":{"start":{"line":57,"column":20},"end":{"line":57,"column":21}},"loc":{"start":{"line":57,"column":30},"end":{"line":57,"column":61}}},"6":{"name":"(anonymous_6)","decl":{"start":{"line":61,"column":14},"end":{"line":61,"column":15}},"loc":{"start":{"line":61,"column":24},"end":{"line":61,"column":42}}}},"branchMap":{"0":{"loc":{"start":{"line":27,"column":4},"end":{"line":31,"column":null}},"type":"if","locations":[{"start":{"line":27,"column":4},"end":{"line":31,"column":null}},{"start":{"line":29,"column":11},"end":{"line":31,"column":null}}]},"1":{"loc":{"start":{"line":27,"column":8},"end":{"line":27,"column":31}},"type":"binary-expr","locations":[{"start":{"line":27,"column":8},"end":{"line":27,"column":11}},{"start":{"line":27,"column":15},"end":{"line":27,"column":31}}]},"2":{"loc":{"start":{"line":37,"column":4},"end":{"line":37,"column":22}},"type":"default-arg","locations":[{"start":{"line":37,"column":17},"end":{"line":37,"column":22}}]},"3":{"loc":{"start":{"line":40,"column":4},"end":{"line":46,"column":null}},"type":"if","locations":[{"start":{"line":40,"column":4},"end":{"line":46,"column":null}},{"start":{"line":42,"column":11},"end":{"line":46,"column":null}}]},"4":{"loc":{"start":{"line":40,"column":8},"end":{"line":40,"column":31}},"type":"binary-expr","locations":[{"start":{"line":40,"column":8},"end":{"line":40,"column":11}},{"start":{"line":40,"column":15},"end":{"line":40,"column":31}}]},"5":{"loc":{"start":{"line":42,"column":11},"end":{"line":46,"column":null}},"type":"if","locations":[{"start":{"line":42,"column":11},"end":{"line":46,"column":null}},{"start":{"line":44,"column":11},"end":{"line":46,"column":null}}]},"6":{"loc":{"start":{"line":54,"column":8},"end":{"line":59,"column":null}},"type":"if","locations":[{"start":{"line":54,"column":8},"end":{"line":59,"column":null}}]}},"s":{"0":1,"1":1,"2":1,"3":3,"4":3,"5":3,"6":3,"7":3,"8":3,"9":3,"10":3,"11":0,"12":3,"13":3,"14":3,"15":0,"16":0,"17":0,"18":3,"19":11,"20":11,"21":462,"22":11,"23":11,"24":1},"f":{"0":3,"1":3,"2":3,"3":3,"4":11,"5":462,"6":11},"b":{"0":[3,0],"1":[3,3],"2":[3],"3":[3,0],"4":[3,3],"5":[0,0],"6":[11]}}
,"C:\\Users\\tdupont\\Workspaces\\sdx-sdk\\test\\assets\\examples.ts": {"path":"C:\\Users\\tdupont\\Workspaces\\sdx-sdk\\test\\assets\\examples.ts","statementMap":{"0":{"start":{"line":1,"column":13},"end":{"line":82,"column":20}},"1":{"start":{"line":84,"column":13},"end":{"line":207,"column":5}}},"fnMap":{},"branchMap":{},"s":{"0":1,"1":1},"f":{},"b":{}}
}
