TN:
SF:src\polyfills.ts
FNF:0
FNH:0
DA:4,1
LF:1
LH:1
BRF:0
BRH:0
end_of_record
TN:
SF:src\commons\index.ts
FNF:0
FNH:0
DA:1,1
DA:2,1
DA:4,1
DA:5,1
DA:7,1
DA:8,1
LF:6
LH:6
BRF:0
BRH:0
end_of_record
TN:
SF:src\commons\util.ts
FN:18,parseNameFromUri
FN:26,groupBySubject
FN:27,(anonymous_2)
FN:37,printQuads
FN:43,(anonymous_4)
FN:48,(anonymous_5)
FN:50,(anonymous_6)
FN:52,(anonymous_7)
FN:54,(anonymous_8)
FN:61,(anonymous_9)
FN:68,(anonymous_10)
FN:75,(anonymous_11)
FN:92,(anonymous_12)
FNF:13
FNH:9
FNDA:13,parseNameFromUri
FNDA:1,groupBySubject
FNDA:20,(anonymous_2)
FNDA:0,printQuads
FNDA:0,(anonymous_4)
FNDA:26,(anonymous_5)
FNDA:6,(anonymous_6)
FNDA:3,(anonymous_7)
FNDA:52,(anonymous_8)
FNDA:26,(anonymous_9)
FNDA:0,(anonymous_10)
FNDA:4,(anonymous_11)
FNDA:0,(anonymous_12)
DA:1,1
DA:18,1
DA:19,13
DA:21,13
DA:26,1
DA:27,1
DA:28,20
DA:29,17
DA:31,3
DA:33,20
DA:37,1
DA:38,0
DA:39,0
DA:42,0
DA:43,0
DA:44,0
DA:48,1
DA:49,26
DA:50,1
DA:51,6
DA:52,3
DA:54,1
DA:57,52
DA:61,1
DA:64,26
DA:68,1
DA:71,0
DA:75,1
DA:83,4
DA:92,1
DA:95,0
LF:31
LH:24
BRDA:21,0,0,0
BRDA:21,0,1,13
BRDA:28,1,0,17
BRDA:28,1,1,3
BRDA:38,2,0,0
BRDA:42,3,0,0
BRDA:42,3,1,0
BRDA:57,4,0,52
BRDA:57,4,1,30
BRDA:57,4,2,20
BRDA:57,4,3,10
BRDA:57,4,4,4
BRDA:64,5,0,26
BRDA:64,5,1,23
BRDA:64,5,2,10
BRDA:64,5,3,23
BRDA:64,5,4,2
BRDA:71,6,0,0
BRDA:71,6,1,0
BRDA:71,6,2,0
BRDA:71,6,3,0
BRDA:71,6,4,0
BRDA:83,7,0,1
BRDA:83,7,1,3
BRDA:85,8,0,0
BRDA:85,8,1,3
BRDA:87,9,0,3
BRDA:87,9,1,0
BRDA:95,10,0,0
BRDA:95,10,1,0
BRF:30
BRH:17
end_of_record
TN:
SF:src\commons\vocab.ts
FNF:0
FNH:0
DA:1,1
DA:3,1
DA:5,1
DA:10,1
DA:24,1
LF:5
LH:5
BRF:0
BRH:0
end_of_record
TN:
SF:src\commons\ldp\ldp-client.ts
FN:8,(anonymous_1)
FN:12,(anonymous_2)
FN:31,(anonymous_3)
FN:37,(anonymous_4)
FN:42,(anonymous_5)
FNF:5
FNH:0
FNDA:0,(anonymous_1)
FNDA:0,(anonymous_2)
FNDA:0,(anonymous_3)
FNDA:0,(anonymous_4)
FNDA:0,(anonymous_5)
DA:1,1
DA:2,1
DA:5,1
DA:9,0
DA:17,0
DA:21,0
DA:25,0
DA:26,0
DA:28,0
DA:29,0
DA:30,0
DA:31,0
DA:34,0
DA:35,0
DA:36,0
DA:37,0
DA:42,0
DA:43,0
DA:45,0
DA:54,0
DA:55,0
DA:59,0
LF:22
LH:3
BRDA:14,0,0,0
BRDA:15,1,0,0
BRDA:28,2,0,0
BRDA:34,3,0,0
BRDA:54,4,0,0
BRDA:54,5,0,0
BRDA:54,5,1,0
BRF:7
BRH:0
end_of_record
TN:
SF:src\parse\context.ts
FN:18,(anonymous_0)
FN:32,(anonymous_1)
FN:36,(anonymous_2)
FN:40,(anonymous_3)
FN:44,(anonymous_4)
FN:48,(anonymous_5)
FN:52,(anonymous_6)
FN:56,(anonymous_7)
FN:63,(anonymous_8)
FN:70,(anonymous_9)
FN:71,(anonymous_10)
FNF:11
FNH:10
FNDA:1,(anonymous_0)
FNDA:3,(anonymous_1)
FNDA:0,(anonymous_2)
FNDA:5,(anonymous_3)
FNDA:11,(anonymous_4)
FNDA:15,(anonymous_5)
FNDA:1,(anonymous_6)
FNDA:3,(anonymous_7)
FNDA:1,(anonymous_8)
FNDA:1,(anonymous_9)
FNDA:62,(anonymous_10)
DA:2,1
DA:3,1
DA:4,1
DA:6,1
DA:11,1
DA:22,1
DA:23,1
DA:24,1
DA:25,1
DA:33,3
DA:37,0
DA:41,5
DA:45,11
DA:49,15
DA:53,1
DA:54,1
DA:56,3
DA:57,1
DA:58,3
DA:60,1
DA:67,1
DA:71,62
LF:22
LH:21
BRF:0
BRH:0
end_of_record
TN:
SF:src\parse\index.ts
FNF:0
FNH:0
DA:3,1
LF:1
LH:1
BRF:0
BRH:0
end_of_record
TN:
SF:src\parse\shacl-reader.service.ts
FN:90,(anonymous_2)
FN:94,(anonymous_3)
FN:106,(anonymous_4)
FN:133,(anonymous_5)
FN:137,(anonymous_6)
FN:161,(anonymous_7)
FN:165,(anonymous_8)
FN:203,(anonymous_9)
FN:209,(anonymous_10)
FN:213,(anonymous_11)
FN:214,(anonymous_12)
FN:215,(anonymous_13)
FN:240,(anonymous_14)
FN:257,(anonymous_15)
FN:281,(anonymous_16)
FN:313,(anonymous_17)
FN:363,(anonymous_18)
FN:399,(anonymous_19)
FN:400,(anonymous_20)
FN:420,(anonymous_21)
FN:422,(anonymous_22)
FN:458,toInputField
FN:475,toScalarInputType
FN:500,(anonymous_25)
FN:519,isIdentifier
FNF:25
FNH:25
FNDA:1,(anonymous_2)
FNDA:1,(anonymous_3)
FNDA:1,(anonymous_4)
FNDA:1,(anonymous_5)
FNDA:3,(anonymous_6)
FNDA:1,(anonymous_7)
FNDA:3,(anonymous_8)
FNDA:9,(anonymous_9)
FNDA:25,(anonymous_10)
FNDA:28,(anonymous_11)
FNDA:22,(anonymous_12)
FNDA:16,(anonymous_13)
FNDA:3,(anonymous_14)
FNDA:3,(anonymous_15)
FNDA:14,(anonymous_16)
FNDA:1,(anonymous_17)
FNDA:2,(anonymous_18)
FNDA:3,(anonymous_19)
FNDA:11,(anonymous_20)
FNDA:3,(anonymous_21)
FNDA:11,(anonymous_22)
FNDA:16,toInputField
FNDA:32,toScalarInputType
FNDA:16,(anonymous_25)
FNDA:22,isIdentifier
DA:1,1
DA:2,1
DA:25,1
DA:26,1
DA:27,1
DA:28,1
DA:33,1
DA:46,1
DA:53,1
DA:60,1
DA:65,1
DA:71,1
DA:80,1
DA:81,1
DA:85,1
DA:87,1
DA:88,1
DA:91,1
DA:95,1
DA:98,1
DA:99,1
DA:100,1
DA:101,1
DA:103,1
DA:114,1
DA:115,1
DA:118,1
DA:121,1
DA:134,1
DA:137,3
DA:153,1
DA:162,1
DA:163,1
DA:166,3
DA:167,3
DA:168,3
DA:194,1
DA:209,25
DA:210,9
DA:211,6
DA:213,28
DA:214,22
DA:215,16
DA:217,6
DA:218,3
DA:224,6
DA:229,6
DA:231,9
DA:244,3
DA:262,3
DA:267,3
DA:273,3
DA:274,3
DA:281,3
DA:282,14
DA:284,3
DA:286,3
DA:301,14
DA:303,3
DA:318,1
DA:319,1
DA:320,1
DA:321,1
DA:322,1
DA:323,1
DA:324,1
DA:368,2
DA:369,2
DA:370,2
DA:371,2
DA:372,2
DA:400,3
DA:407,11
DA:409,11
DA:413,2
DA:415,11
DA:416,7
DA:418,11
DA:420,3
DA:421,3
DA:426,11
DA:427,11
DA:428,0
DA:430,11
DA:446,3
DA:462,16
DA:464,16
DA:468,16
DA:479,32
DA:480,2
DA:481,2
DA:482,0
DA:484,2
DA:485,0
DA:487,2
DA:489,30
DA:490,14
DA:491,14
DA:492,0
DA:494,14
DA:495,0
DA:497,14
DA:499,16
DA:500,16
DA:502,16
DA:503,0
DA:505,16
DA:506,2
DA:508,16
DA:509,14
DA:511,16
DA:520,22
DA:521,22
LF:113
LH:107
BRDA:114,0,0,1
BRDA:210,1,0,6
BRDA:217,2,0,3
BRDA:273,3,0,3
BRDA:282,4,0,3
BRDA:284,5,0,3
BRDA:284,5,1,2
BRDA:284,5,2,0
BRDA:288,6,0,1
BRDA:288,6,1,2
BRDA:409,7,0,2
BRDA:410,8,0,11
BRDA:410,8,1,9
BRDA:410,8,2,9
BRDA:415,9,0,7
BRDA:415,10,0,11
BRDA:415,10,1,7
BRDA:426,11,0,11
BRDA:426,11,1,3
BRDA:427,12,0,0
BRDA:427,12,1,11
BRDA:465,13,0,7
BRDA:465,13,1,9
BRDA:465,14,0,16
BRDA:465,14,1,8
BRDA:477,15,0,16
BRDA:479,16,0,2
BRDA:481,17,0,0
BRDA:484,18,0,0
BRDA:489,19,0,14
BRDA:491,20,0,0
BRDA:494,21,0,0
BRDA:502,22,0,0
BRDA:505,23,0,2
BRDA:508,24,0,14
BRDA:521,25,0,22
BRDA:521,25,1,22
BRF:37
BRH:30
end_of_record
TN:
SF:src\parse\model\index.ts
FNF:0
FNH:0
DA:1,1
DA:2,1
LF:2
LH:2
BRF:0
BRH:0
end_of_record
TN:
SF:src\parse\model\property-shape.ts
FN:22,(anonymous_0)
FN:37,(anonymous_1)
FN:52,(anonymous_2)
FN:57,(anonymous_3)
FN:62,(anonymous_4)
FN:82,(anonymous_5)
FN:95,(anonymous_6)
FN:96,(anonymous_7)
FN:99,(anonymous_8)
FNF:9
FNH:9
FNDA:11,(anonymous_0)
FNDA:84,(anonymous_1)
FNDA:11,(anonymous_2)
FNDA:11,(anonymous_3)
FNDA:11,(anonymous_4)
FNDA:11,(anonymous_5)
FNDA:3,(anonymous_6)
FNDA:3,(anonymous_7)
FNDA:7,(anonymous_8)
DA:1,1
DA:8,1
DA:10,1
DA:11,1
DA:13,1
DA:22,11
DA:23,11
DA:24,11
DA:27,11
DA:28,11
DA:29,11
DA:30,11
DA:31,11
DA:32,11
DA:33,11
DA:34,11
DA:42,84
DA:43,84
DA:44,49
DA:45,35
DA:46,0
DA:48,35
DA:53,11
DA:54,11
DA:58,11
DA:59,11
DA:63,11
DA:65,0
DA:68,0
DA:72,8
DA:75,0
DA:78,3
DA:83,11
DA:84,8
DA:86,3
DA:89,3
DA:90,3
DA:92,0
DA:96,3
DA:97,3
DA:99,7
DA:100,3
DA:103,0
DA:105,3
LF:44
LH:38
BRDA:25,0,0,11
BRDA:25,0,1,7
BRDA:31,1,0,7
BRDA:31,1,1,4
BRDA:33,2,0,9
BRDA:33,2,1,2
BRDA:40,3,0,84
BRDA:43,4,0,49
BRDA:43,4,1,35
BRDA:43,5,0,84
BRDA:43,5,1,84
BRDA:45,6,0,0
BRDA:45,6,1,35
BRDA:63,7,0,0
BRDA:63,7,1,0
BRDA:63,7,2,0
BRDA:63,7,3,8
BRDA:63,7,4,0
BRDA:63,7,5,3
BRDA:83,8,0,8
BRDA:89,9,0,3
BRDA:89,10,0,3
BRDA:89,10,1,3
BRDA:100,11,0,3
BRDA:100,11,1,0
BRF:25
BRH:19
end_of_record
TN:
SF:src\parse\model\shape.ts
FN:16,(anonymous_0)
FN:25,(anonymous_1)
FN:34,(anonymous_2)
FN:49,(anonymous_3)
FN:53,(anonymous_4)
FN:57,(anonymous_5)
FN:61,(anonymous_6)
FNF:7
FNH:7
FNDA:3,(anonymous_0)
FNDA:3,(anonymous_1)
FNDA:3,(anonymous_2)
FNDA:3,(anonymous_3)
FNDA:11,(anonymous_4)
FNDA:462,(anonymous_5)
FNDA:11,(anonymous_6)
DA:1,1
DA:3,1
DA:4,1
DA:6,1
DA:16,3
DA:19,3
DA:20,3
DA:21,3
DA:22,3
DA:26,3
DA:27,3
DA:28,3
DA:30,0
DA:39,3
DA:40,3
DA:41,3
DA:42,0
DA:43,0
DA:45,0
DA:51,3
DA:54,11
DA:55,11
DA:57,462
DA:58,11
DA:61,11
LF:25
LH:21
BRDA:27,0,0,3
BRDA:27,0,1,0
BRDA:27,1,0,3
BRDA:27,1,1,3
BRDA:37,2,0,3
BRDA:40,3,0,3
BRDA:40,3,1,0
BRDA:40,4,0,3
BRDA:40,4,1,3
BRDA:42,5,0,0
BRDA:42,5,1,0
BRDA:54,6,0,11
BRF:12
BRH:8
end_of_record
TN:
SF:test\assets\examples.ts
FNF:0
FNH:0
DA:1,1
DA:84,1
LF:2
LH:2
BRF:0
BRH:0
end_of_record
